<?xml version="1.0" encoding="UTF-8"?>
<!-- Generated by org.testng.reporters.JUnitReportReporter -->
<testsuite name="com.SAFUI.Testscripts.AddNewRuleTestScript" tests="6" time="262.466" ignored="0" failures="0" timestamp="08 Mar 2017 11:54:38 GMT" skipped="0" hostname="Bhushaya" errors="3">
  <testcase name="AddNewRuleBtn" time="1.816" classname="com.SAFUI.Testscripts.AddNewRuleTestScript">
    <error type="org.openqa.selenium.WebDriverException" message="unknown error: Element &lt;button type=&quot;button&quot; class=&quot;btn btn-success pull-right&quot; href=&quot;#/&quot; ng-click=&quot;openNewNotificationModalDialog()&quot;&gt;...&lt;/button&gt; is not clickable at point (1506, 17). Other element would receive the click: &lt;a href=&quot;#/ConfigCenter&quot; ng-click=&quot;$root.activePage=&#039;settings&#039;;&quot;&gt;...&lt;/a&gt;
  (Session info: chrome=56.0.2924.87)
  (Driver info: chromedriver=2.27.440174 (e97a722caafc2d3a8b807ee115bfb307f7d2cfd9),platform=Windows NT 6.1.7601 SP1 x86_64) (WARNING: The server did not provide any stacktrace information)
Command duration or timeout: 38 milliseconds
Build info: version: &#039;3.1.0&#039;, revision: &#039;b94c902&#039;, time: &#039;2017-02-16 12:21:31 -0800&#039;
System info: host: &#039;BHUSHAYA&#039;, ip: &#039;10.71.71.93&#039;, os.name: &#039;Windows 7&#039;, os.arch: &#039;amd64&#039;, os.version: &#039;6.1&#039;, java.version: &#039;1.8.0_121&#039;
Driver info: org.openqa.selenium.chrome.ChromeDriver
Capabilities [{applicationCacheEnabled=false, rotatable=false, mobileEmulationEnabled=false, networkConnectionEnabled=false, chrome={chromedriverVersion=2.27.440174 (e97a722caafc2d3a8b807ee115bfb307f7d2cfd9), userDataDir=C:\Users\GSC-30~1\AppData\Local\Temp\scoped_dir20600_11676}, takesHeapSnapshot=true, pageLoadStrategy=normal, databaseEnabled=false, handlesAlerts=true, hasTouchScreen=false, version=56.0.2924.87, platform=XP, browserConnectionEnabled=false, nativeEvents=true, acceptSslCerts=true, locationContextEnabled=true, webStorageEnabled=true, browserName=chrome, takesScreenshot=true, javascriptEnabled=true, cssSelectorsEnabled=true, unexpectedAlertBehaviour=}]
Session ID: a409428b8a378f0178562ae528d972d0">
      <![CDATA[org.openqa.selenium.WebDriverException: unknown error: Element <button type="button" class="btn btn-success pull-right" href="#/" ng-click="openNewNotificationModalDialog()">...</button> is not clickable at point (1506, 17). Other element would receive the click: <a href="#/ConfigCenter" ng-click="$root.activePage='settings';">...</a>
  (Session info: chrome=56.0.2924.87)
  (Driver info: chromedriver=2.27.440174 (e97a722caafc2d3a8b807ee115bfb307f7d2cfd9),platform=Windows NT 6.1.7601 SP1 x86_64) (WARNING: The server did not provide any stacktrace information)
Command duration or timeout: 38 milliseconds
Build info: version: '3.1.0', revision: 'b94c902', time: '2017-02-16 12:21:31 -0800'
System info: host: 'BHUSHAYA', ip: '10.71.71.93', os.name: 'Windows 7', os.arch: 'amd64', os.version: '6.1', java.version: '1.8.0_121'
Driver info: org.openqa.selenium.chrome.ChromeDriver
Capabilities [{applicationCacheEnabled=false, rotatable=false, mobileEmulationEnabled=false, networkConnectionEnabled=false, chrome={chromedriverVersion=2.27.440174 (e97a722caafc2d3a8b807ee115bfb307f7d2cfd9), userDataDir=C:\Users\GSC-30~1\AppData\Local\Temp\scoped_dir20600_11676}, takesHeapSnapshot=true, pageLoadStrategy=normal, databaseEnabled=false, handlesAlerts=true, hasTouchScreen=false, version=56.0.2924.87, platform=XP, browserConnectionEnabled=false, nativeEvents=true, acceptSslCerts=true, locationContextEnabled=true, webStorageEnabled=true, browserName=chrome, takesScreenshot=true, javascriptEnabled=true, cssSelectorsEnabled=true, unexpectedAlertBehaviour=}]
Session ID: a409428b8a378f0178562ae528d972d0
	at sun.reflect.NativeConstructorAccessorImpl.newInstance0(Native Method)
	at sun.reflect.NativeConstructorAccessorImpl.newInstance(Unknown Source)
	at sun.reflect.DelegatingConstructorAccessorImpl.newInstance(Unknown Source)
	at java.lang.reflect.Constructor.newInstance(Unknown Source)
	at org.openqa.selenium.remote.ErrorHandler.createThrowable(ErrorHandler.java:216)
	at org.openqa.selenium.remote.ErrorHandler.throwIfResponseFailed(ErrorHandler.java:168)
	at org.openqa.selenium.remote.RemoteWebDriver.execute(RemoteWebDriver.java:635)
	at org.openqa.selenium.remote.RemoteWebElement.execute(RemoteWebElement.java:274)
	at org.openqa.selenium.remote.RemoteWebElement.click(RemoteWebElement.java:84)
	at com.SAFUI.Utils.BasePage.click(BasePage.java:60)
	at com.SAFUI.Pages.SettingPage.clickAddNewRuleButton(SettingPage.java:86)
	at com.SAFUI.Testscripts.AddNewRuleTestScript.AddNewRuleBtn(AddNewRuleTestScript.java:39)
	at sun.reflect.NativeMethodAccessorImpl.invoke0(Native Method)
	at sun.reflect.NativeMethodAccessorImpl.invoke(Unknown Source)
	at sun.reflect.DelegatingMethodAccessorImpl.invoke(Unknown Source)
	at java.lang.reflect.Method.invoke(Unknown Source)
	at org.testng.internal.MethodInvocationHelper.invokeMethod(MethodInvocationHelper.java:104)
	at org.testng.internal.Invoker.invokeMethod(Invoker.java:645)
	at org.testng.internal.Invoker.invokeTestMethod(Invoker.java:851)
	at org.testng.internal.Invoker.invokeTestMethods(Invoker.java:1177)
	at org.testng.internal.TestMethodWorker.invokeTestMethods(TestMethodWorker.java:129)
	at org.testng.internal.TestMethodWorker.run(TestMethodWorker.java:112)
	at org.testng.TestRunner.privateRun(TestRunner.java:756)
	at org.testng.TestRunner.run(TestRunner.java:610)
	at org.testng.SuiteRunner.runTest(SuiteRunner.java:387)
	at org.testng.SuiteRunner.runSequentially(SuiteRunner.java:382)
	at org.testng.SuiteRunner.privateRun(SuiteRunner.java:340)
	at org.testng.SuiteRunner.run(SuiteRunner.java:289)
	at org.testng.SuiteRunnerWorker.runSuite(SuiteRunnerWorker.java:52)
	at org.testng.SuiteRunnerWorker.run(SuiteRunnerWorker.java:86)
	at org.testng.TestNG.runSuitesSequentially(TestNG.java:1293)
	at org.testng.TestNG.runSuitesLocally(TestNG.java:1218)
	at org.testng.TestNG.runSuites(TestNG.java:1133)
	at org.testng.TestNG.run(TestNG.java:1104)
	at org.testng.remote.AbstractRemoteTestNG.run(AbstractRemoteTestNG.java:132)
	at org.testng.remote.RemoteTestNG.initAndRun(RemoteTestNG.java:236)
	at org.testng.remote.RemoteTestNG.main(RemoteTestNG.java:81)
]]>
    </error>
  </testcase> <!-- AddNewRuleBtn -->
  <testcase name="AddNewRuleBtn" time="50.275" classname="com.SAFUI.Testscripts.AddNewRuleTestScript"/>
  <testcase name="chkRuleCreation" time="0.055" classname="com.SAFUI.Testscripts.AddNewRuleTestScript">
    <error type="org.testng.internal.reflect.MethodMatcherException" message="
Data provider mismatch
Method: chkRuleCreation([Parameter{index=0, type=java.lang.String, declaredAnnotations=[]}])
Arguments: [(java.lang.String)Bandwidth Rule,(java.lang.String)NORMAL,(java.lang.String)tag,(java.lang.String)~=,(java.lang.String)wlc_client_data,(java.lang.String)SUM,(java.lang.String)BANDWIDTH,(java.lang.String)&gt;=,(java.lang.String)100.0,(java.lang.String)20.0,(java.lang.String) %{aggregation} %{metric} %{expression} %{comparator} %{triggervalue} %{timewindow},(java.lang.String)C1,(java.lang.String)Bandwidth rule]">
      <![CDATA[org.testng.internal.reflect.MethodMatcherException: 
Data provider mismatch
Method: chkRuleCreation([Parameter{index=0, type=java.lang.String, declaredAnnotations=[]}])
Arguments: [(java.lang.String)Bandwidth Rule,(java.lang.String)NORMAL,(java.lang.String)tag,(java.lang.String)~=,(java.lang.String)wlc_client_data,(java.lang.String)SUM,(java.lang.String)BANDWIDTH,(java.lang.String)>=,(java.lang.String)100.0,(java.lang.String)20.0,(java.lang.String) %{aggregation} %{metric} %{expression} %{comparator} %{triggervalue} %{timewindow},(java.lang.String)C1,(java.lang.String)Bandwidth rule]
	at org.testng.internal.reflect.DataProviderMethodMatcher.getConformingArguments(DataProviderMethodMatcher.java:52)
	at org.testng.internal.Invoker.injectParameters(Invoker.java:1278)
	at org.testng.internal.Invoker.invokeTestMethods(Invoker.java:1171)
	at org.testng.internal.TestMethodWorker.invokeTestMethods(TestMethodWorker.java:129)
	at org.testng.internal.TestMethodWorker.run(TestMethodWorker.java:112)
	at org.testng.TestRunner.privateRun(TestRunner.java:756)
	at org.testng.TestRunner.run(TestRunner.java:610)
	at org.testng.SuiteRunner.runTest(SuiteRunner.java:387)
	at org.testng.SuiteRunner.runSequentially(SuiteRunner.java:382)
	at org.testng.SuiteRunner.privateRun(SuiteRunner.java:340)
	at org.testng.SuiteRunner.run(SuiteRunner.java:289)
	at org.testng.SuiteRunnerWorker.runSuite(SuiteRunnerWorker.java:52)
	at org.testng.SuiteRunnerWorker.run(SuiteRunnerWorker.java:86)
	at org.testng.TestNG.runSuitesSequentially(TestNG.java:1293)
	at org.testng.TestNG.runSuitesLocally(TestNG.java:1218)
	at org.testng.TestNG.runSuites(TestNG.java:1133)
	at org.testng.TestNG.run(TestNG.java:1104)
	at org.testng.remote.AbstractRemoteTestNG.run(AbstractRemoteTestNG.java:132)
	at org.testng.remote.RemoteTestNG.initAndRun(RemoteTestNG.java:236)
	at org.testng.remote.RemoteTestNG.main(RemoteTestNG.java:81)
]]>
    </error>
  </testcase> <!-- chkRuleCreation -->
  <testcase name="AddNewRuleBtn" time="153.959" classname="com.SAFUI.Testscripts.AddNewRuleTestScript"/>
  <testcase name="AddNewRuleBtn" time="25.987" classname="com.SAFUI.Testscripts.AddNewRuleTestScript"/>
  <testcase name="AddNewRuleBtn" time="30.374" classname="com.SAFUI.Testscripts.AddNewRuleTestScript">
    <error type="org.openqa.selenium.WebDriverException" message="unknown error: Element &lt;button type=&quot;button&quot; class=&quot;btn btn-success pull-right&quot; href=&quot;#/&quot; ng-click=&quot;openNewNotificationModalDialog()&quot;&gt;...&lt;/button&gt; is not clickable at point (1511, 147). Other element would receive the click: &lt;div uib-modal-window=&quot;modal-window&quot; class=&quot;modal ng-scope ng-isolate-scope in in-remove&quot; role=&quot;dialog&quot; size=&quot;lg&quot; index=&quot;0&quot; animate=&quot;animate&quot; ng-style=&quot;{&#039;z-index&#039;: 1050 + $$topModalIndex*10, display: &#039;block&#039;}&quot; tabindex=&quot;-1&quot; uib-modal-animation-class=&quot;fade&quot; modal-in-class=&quot;in&quot; style=&quot;z-index: 1050; display: block;&quot;&gt;...&lt;/div&gt;
  (Session info: chrome=56.0.2924.87)
  (Driver info: chromedriver=2.27.440174 (e97a722caafc2d3a8b807ee115bfb307f7d2cfd9),platform=Windows NT 6.1.7601 SP1 x86_64) (WARNING: The server did not provide any stacktrace information)
Command duration or timeout: 86 milliseconds
Build info: version: &#039;3.1.0&#039;, revision: &#039;b94c902&#039;, time: &#039;2017-02-16 12:21:31 -0800&#039;
System info: host: &#039;BHUSHAYA&#039;, ip: &#039;10.71.71.93&#039;, os.name: &#039;Windows 7&#039;, os.arch: &#039;amd64&#039;, os.version: &#039;6.1&#039;, java.version: &#039;1.8.0_121&#039;
Driver info: org.openqa.selenium.chrome.ChromeDriver
Capabilities [{applicationCacheEnabled=false, rotatable=false, mobileEmulationEnabled=false, networkConnectionEnabled=false, chrome={chromedriverVersion=2.27.440174 (e97a722caafc2d3a8b807ee115bfb307f7d2cfd9), userDataDir=C:\Users\GSC-30~1\AppData\Local\Temp\scoped_dir20600_11676}, takesHeapSnapshot=true, pageLoadStrategy=normal, databaseEnabled=false, handlesAlerts=true, hasTouchScreen=false, version=56.0.2924.87, platform=XP, browserConnectionEnabled=false, nativeEvents=true, acceptSslCerts=true, locationContextEnabled=true, webStorageEnabled=true, browserName=chrome, takesScreenshot=true, javascriptEnabled=true, cssSelectorsEnabled=true, unexpectedAlertBehaviour=}]
Session ID: a409428b8a378f0178562ae528d972d0">
      <![CDATA[org.openqa.selenium.WebDriverException: unknown error: Element <button type="button" class="btn btn-success pull-right" href="#/" ng-click="openNewNotificationModalDialog()">...</button> is not clickable at point (1511, 147). Other element would receive the click: <div uib-modal-window="modal-window" class="modal ng-scope ng-isolate-scope in in-remove" role="dialog" size="lg" index="0" animate="animate" ng-style="{'z-index': 1050 + $$topModalIndex*10, display: 'block'}" tabindex="-1" uib-modal-animation-class="fade" modal-in-class="in" style="z-index: 1050; display: block;">...</div>
  (Session info: chrome=56.0.2924.87)
  (Driver info: chromedriver=2.27.440174 (e97a722caafc2d3a8b807ee115bfb307f7d2cfd9),platform=Windows NT 6.1.7601 SP1 x86_64) (WARNING: The server did not provide any stacktrace information)
Command duration or timeout: 86 milliseconds
Build info: version: '3.1.0', revision: 'b94c902', time: '2017-02-16 12:21:31 -0800'
System info: host: 'BHUSHAYA', ip: '10.71.71.93', os.name: 'Windows 7', os.arch: 'amd64', os.version: '6.1', java.version: '1.8.0_121'
Driver info: org.openqa.selenium.chrome.ChromeDriver
Capabilities [{applicationCacheEnabled=false, rotatable=false, mobileEmulationEnabled=false, networkConnectionEnabled=false, chrome={chromedriverVersion=2.27.440174 (e97a722caafc2d3a8b807ee115bfb307f7d2cfd9), userDataDir=C:\Users\GSC-30~1\AppData\Local\Temp\scoped_dir20600_11676}, takesHeapSnapshot=true, pageLoadStrategy=normal, databaseEnabled=false, handlesAlerts=true, hasTouchScreen=false, version=56.0.2924.87, platform=XP, browserConnectionEnabled=false, nativeEvents=true, acceptSslCerts=true, locationContextEnabled=true, webStorageEnabled=true, browserName=chrome, takesScreenshot=true, javascriptEnabled=true, cssSelectorsEnabled=true, unexpectedAlertBehaviour=}]
Session ID: a409428b8a378f0178562ae528d972d0
	at sun.reflect.NativeConstructorAccessorImpl.newInstance0(Native Method)
	at sun.reflect.NativeConstructorAccessorImpl.newInstance(Unknown Source)
	at sun.reflect.DelegatingConstructorAccessorImpl.newInstance(Unknown Source)
	at java.lang.reflect.Constructor.newInstance(Unknown Source)
	at org.openqa.selenium.remote.ErrorHandler.createThrowable(ErrorHandler.java:216)
	at org.openqa.selenium.remote.ErrorHandler.throwIfResponseFailed(ErrorHandler.java:168)
	at org.openqa.selenium.remote.RemoteWebDriver.execute(RemoteWebDriver.java:635)
	at org.openqa.selenium.remote.RemoteWebElement.execute(RemoteWebElement.java:274)
	at org.openqa.selenium.remote.RemoteWebElement.click(RemoteWebElement.java:84)
	at com.SAFUI.Utils.BasePage.click(BasePage.java:60)
	at com.SAFUI.Pages.SettingPage.clickAddNewRuleButton(SettingPage.java:86)
	at com.SAFUI.Testscripts.AddNewRuleTestScript.AddNewRuleBtn(AddNewRuleTestScript.java:39)
	at sun.reflect.NativeMethodAccessorImpl.invoke0(Native Method)
	at sun.reflect.NativeMethodAccessorImpl.invoke(Unknown Source)
	at sun.reflect.DelegatingMethodAccessorImpl.invoke(Unknown Source)
	at java.lang.reflect.Method.invoke(Unknown Source)
	at org.testng.internal.MethodInvocationHelper.invokeMethod(MethodInvocationHelper.java:104)
	at org.testng.internal.Invoker.invokeMethod(Invoker.java:645)
	at org.testng.internal.Invoker.invokeTestMethod(Invoker.java:851)
	at org.testng.internal.Invoker.invokeTestMethods(Invoker.java:1177)
	at org.testng.internal.TestMethodWorker.invokeTestMethods(TestMethodWorker.java:129)
	at org.testng.internal.TestMethodWorker.run(TestMethodWorker.java:112)
	at org.testng.TestRunner.privateRun(TestRunner.java:756)
	at org.testng.TestRunner.run(TestRunner.java:610)
	at org.testng.SuiteRunner.runTest(SuiteRunner.java:387)
	at org.testng.SuiteRunner.runSequentially(SuiteRunner.java:382)
	at org.testng.SuiteRunner.privateRun(SuiteRunner.java:340)
	at org.testng.SuiteRunner.run(SuiteRunner.java:289)
	at org.testng.SuiteRunnerWorker.runSuite(SuiteRunnerWorker.java:52)
	at org.testng.SuiteRunnerWorker.run(SuiteRunnerWorker.java:86)
	at org.testng.TestNG.runSuitesSequentially(TestNG.java:1293)
	at org.testng.TestNG.runSuitesLocally(TestNG.java:1218)
	at org.testng.TestNG.runSuites(TestNG.java:1133)
	at org.testng.TestNG.run(TestNG.java:1104)
	at org.testng.remote.AbstractRemoteTestNG.run(AbstractRemoteTestNG.java:132)
	at org.testng.remote.RemoteTestNG.initAndRun(RemoteTestNG.java:236)
	at org.testng.remote.RemoteTestNG.main(RemoteTestNG.java:81)
]]>
    </error>
  </testcase> <!-- AddNewRuleBtn -->
</testsuite> <!-- com.SAFUI.Testscripts.AddNewRuleTestScript -->
