<?xml version="1.0" encoding="UTF-8"?>
<!-- Generated by org.testng.reporters.JUnitReportReporter -->
<testsuite name="com.SAFUI.Testscripts.LoginTestScript" tests="7" time="171.467" ignored="0" failures="0" timestamp="30 Mar 2017 09:04:09 GMT" skipped="0" hostname="Bhushaya" errors="0">
  <testcase name="LoginPage" time="13.460" classname="com.SAFUI.Testscripts.LoginTestScript"/>
  <testcase name="LoginPage" time="12.417" classname="com.SAFUI.Testscripts.LoginTestScript"/>
  <testcase name="LoginPage" time="27.293" classname="com.SAFUI.Testscripts.LoginTestScript"/>
  <testcase name="LoginPage" time="24.657" classname="com.SAFUI.Testscripts.LoginTestScript"/>
  <testcase name="LoginPage" time="11.420" classname="com.SAFUI.Testscripts.LoginTestScript"/>
  <testcase name="LoginPage" time="10.829" classname="com.SAFUI.Testscripts.LoginTestScript"/>
  <testcase name="LoginPage" time="71.391" classname="com.SAFUI.Testscripts.LoginTestScript"/>
</testsuite> <!-- com.SAFUI.Testscripts.LoginTestScript -->
