<?xml version="1.0" encoding="UTF-8"?>
<!-- Generated by org.testng.reporters.JUnitReportReporter -->
<testsuite name="com.SAFUI.Testscripts.AddAdvanceRuleTestScript" tests="1" time="137.836" ignored="0" failures="0" timestamp="25 May 2017 14:08:01 GMT" skipped="0" hostname="Bhushaya" errors="0">
  <testcase name="AddAdvanceRule" time="137.836" classname="com.SAFUI.Testscripts.AddAdvanceRuleTestScript"/>
</testsuite> <!-- com.SAFUI.Testscripts.AddAdvanceRuleTestScript -->
