<?xml version="1.0" encoding="UTF-8"?>
<!-- Generated by org.testng.reporters.JUnitReportReporter -->
<testsuite name="com.SAFUI.Testscripts.AddBasicRuleTestScript" tests="5" time="1161.813" ignored="0" failures="0" timestamp="25 May 2017 13:04:58 GMT" skipped="0" hostname="Bhushaya" errors="0">
  <testcase name="AddBasicRule" time="178.798" classname="com.SAFUI.Testscripts.AddBasicRuleTestScript"/>
  <testcase name="AddBasicRule" time="402.339" classname="com.SAFUI.Testscripts.AddBasicRuleTestScript"/>
  <testcase name="AddBasicRule" time="320.142" classname="com.SAFUI.Testscripts.AddBasicRuleTestScript"/>
  <testcase name="AddBasicRule" time="58.407" classname="com.SAFUI.Testscripts.AddBasicRuleTestScript"/>
  <testcase name="AddBasicRule" time="202.127" classname="com.SAFUI.Testscripts.AddBasicRuleTestScript"/>
</testsuite> <!-- com.SAFUI.Testscripts.AddBasicRuleTestScript -->
