<?xml version="1.0" encoding="UTF-8"?>
<!-- Generated by org.testng.reporters.JUnitReportReporter -->
<testsuite name="com.SAFUI.Testscripts.LoginTestScript" tests="7" time="23.516" ignored="0" failures="0" timestamp="18 Apr 2017 08:57:22 GMT" skipped="0" hostname="Bhushaya" errors="0">
  <testcase name="LoginPage" time="3.301" classname="com.SAFUI.Testscripts.LoginTestScript"/>
  <testcase name="LoginPage" time="3.152" classname="com.SAFUI.Testscripts.LoginTestScript"/>
  <testcase name="LoginPage" time="3.742" classname="com.SAFUI.Testscripts.LoginTestScript"/>
  <testcase name="LoginPage" time="3.126" classname="com.SAFUI.Testscripts.LoginTestScript"/>
  <testcase name="LoginPage" time="3.287" classname="com.SAFUI.Testscripts.LoginTestScript"/>
  <testcase name="LoginPage" time="3.232" classname="com.SAFUI.Testscripts.LoginTestScript"/>
  <testcase name="LoginPage" time="3.676" classname="com.SAFUI.Testscripts.LoginTestScript"/>
</testsuite> <!-- com.SAFUI.Testscripts.LoginTestScript -->
