<?xml version="1.0" encoding="UTF-8"?>
<!-- Generated by org.testng.reporters.JUnitReportReporter -->
<testsuite name="com.SAFUI.Testscripts.AddNewRuleTestScript" tests="6" time="224.175" ignored="0" failures="0" timestamp="18 Apr 2017 13:18:11 GMT" skipped="4" hostname="Bhushaya" errors="2">
  <testcase name="AddNewRuleBtn" time="16.626" classname="com.SAFUI.Testscripts.AddNewRuleTestScript">
    <skipped/>
  </testcase> <!-- AddNewRuleBtn -->
  <testcase name="AddNewRuleBtn" time="0.004" classname="com.SAFUI.Testscripts.AddNewRuleTestScript">
    <skipped/>
  </testcase> <!-- AddNewRuleBtn -->
  <testcase name="AddNewRuleBtn" time="207.537" classname="com.SAFUI.Testscripts.AddNewRuleTestScript">
    <error type="org.openqa.selenium.NoSuchElementException" message="Unable to locate element: .\/\/div\[\@class\=\&quot;sa\-confirm\-button\-container\&quot;\]\/button\[\@class\=\&quot;confirm btn btn\-lg btn\-primary\&quot;\]
For documentation on this error, please visit: http://seleniumhq.org/exceptions/no_such_element.html
Build info: version: &#039;3.1.0&#039;, revision: &#039;b94c902&#039;, time: &#039;2017-02-16 12:21:31 -0800&#039;
System info: host: &#039;BHUSHAYA&#039;, ip: &#039;10.71.71.93&#039;, os.name: &#039;Windows 7&#039;, os.arch: &#039;amd64&#039;, os.version: &#039;6.1&#039;, java.version: &#039;1.8.0_121&#039;
Driver info: org.openqa.selenium.firefox.FirefoxDriver
Capabilities [{rotatable=false, raisesAccessibilityExceptions=false, marionette=true, appBuildId=20170125094131, version=, platform=XP, proxy={}, command_id=1, specificationLevel=0, acceptSslCerts=false, processId=8368, browserVersion=51.0.1, platformVersion=6.1, XULappId={ec8030f7-c20a-464f-9b0e-13a3a9e97384}, browserName=firefox, takesScreenshot=true, takesElementScreenshot=true, platformName=windows_nt, firefox_profile=UEsDBBQACAgIAGyTkkoAAAAAAAAAA...}]
Session ID: 17087064-1e75-49f6-836e-c32860873483
*** Element info: {Using=class name, value=//div[@class=&quot;sa-confirm-button-container&quot;]/button[@class=&quot;confirm btn btn-lg btn-primary&quot;]}">
      <![CDATA[org.openqa.selenium.NoSuchElementException: Unable to locate element: .\/\/div\[\@class\=\"sa\-confirm\-button\-container\"\]\/button\[\@class\=\"confirm btn btn\-lg btn\-primary\"\]
For documentation on this error, please visit: http://seleniumhq.org/exceptions/no_such_element.html
Build info: version: '3.1.0', revision: 'b94c902', time: '2017-02-16 12:21:31 -0800'
System info: host: 'BHUSHAYA', ip: '10.71.71.93', os.name: 'Windows 7', os.arch: 'amd64', os.version: '6.1', java.version: '1.8.0_121'
Driver info: org.openqa.selenium.firefox.FirefoxDriver
Capabilities [{rotatable=false, raisesAccessibilityExceptions=false, marionette=true, appBuildId=20170125094131, version=, platform=XP, proxy={}, command_id=1, specificationLevel=0, acceptSslCerts=false, processId=8368, browserVersion=51.0.1, platformVersion=6.1, XULappId={ec8030f7-c20a-464f-9b0e-13a3a9e97384}, browserName=firefox, takesScreenshot=true, takesElementScreenshot=true, platformName=windows_nt, firefox_profile=UEsDBBQACAgIAGyTkkoAAAAAAAAAA...}]
Session ID: 17087064-1e75-49f6-836e-c32860873483
*** Element info: {Using=class name, value=//div[@class="sa-confirm-button-container"]/button[@class="confirm btn btn-lg btn-primary"]}
	at sun.reflect.NativeConstructorAccessorImpl.newInstance0(Native Method)
	at sun.reflect.NativeConstructorAccessorImpl.newInstance(Unknown Source)
	at sun.reflect.DelegatingConstructorAccessorImpl.newInstance(Unknown Source)
	at java.lang.reflect.Constructor.newInstance(Unknown Source)
	at org.openqa.selenium.remote.http.W3CHttpResponseCodec.createException(W3CHttpResponseCodec.java:127)
	at org.openqa.selenium.remote.http.W3CHttpResponseCodec.decode(W3CHttpResponseCodec.java:93)
	at org.openqa.selenium.remote.http.W3CHttpResponseCodec.decode(W3CHttpResponseCodec.java:42)
	at org.openqa.selenium.remote.HttpCommandExecutor.execute(HttpCommandExecutor.java:163)
	at org.openqa.selenium.remote.service.DriverCommandExecutor.execute(DriverCommandExecutor.java:82)
	at org.openqa.selenium.remote.RemoteWebDriver.execute(RemoteWebDriver.java:601)
	at org.openqa.selenium.remote.RemoteWebDriver.findElement(RemoteWebDriver.java:368)
	at org.openqa.selenium.remote.RemoteWebDriver.findElementByClassName(RemoteWebDriver.java:457)
	at org.openqa.selenium.By$ByClassName.findElement(By.java:391)
	at org.openqa.selenium.remote.RemoteWebDriver.findElement(RemoteWebDriver.java:360)
	at com.SAFUI.Utils.BasePage.click(BasePage.java:80)
	at com.SAFUI.Pages.ConfigCenterPage.handleWindowAlert(ConfigCenterPage.java:243)
	at com.SAFUI.Testscripts.AddNewRuleTestScript.AddNewRuleBtn(AddNewRuleTestScript.java:47)
	at sun.reflect.NativeMethodAccessorImpl.invoke0(Native Method)
	at sun.reflect.NativeMethodAccessorImpl.invoke(Unknown Source)
	at sun.reflect.DelegatingMethodAccessorImpl.invoke(Unknown Source)
	at java.lang.reflect.Method.invoke(Unknown Source)
	at org.testng.internal.MethodInvocationHelper.invokeMethod(MethodInvocationHelper.java:104)
	at org.testng.internal.Invoker.invokeMethod(Invoker.java:645)
	at org.testng.internal.Invoker.invokeTestMethod(Invoker.java:851)
	at org.testng.internal.Invoker.invokeTestMethods(Invoker.java:1177)
	at org.testng.internal.TestMethodWorker.invokeTestMethods(TestMethodWorker.java:129)
	at org.testng.internal.TestMethodWorker.run(TestMethodWorker.java:112)
	at org.testng.TestRunner.privateRun(TestRunner.java:756)
	at org.testng.TestRunner.run(TestRunner.java:610)
	at org.testng.SuiteRunner.runTest(SuiteRunner.java:387)
	at org.testng.SuiteRunner.runSequentially(SuiteRunner.java:382)
	at org.testng.SuiteRunner.privateRun(SuiteRunner.java:340)
	at org.testng.SuiteRunner.run(SuiteRunner.java:289)
	at org.testng.SuiteRunnerWorker.runSuite(SuiteRunnerWorker.java:52)
	at org.testng.SuiteRunnerWorker.run(SuiteRunnerWorker.java:86)
	at org.testng.TestNG.runSuitesSequentially(TestNG.java:1293)
	at org.testng.TestNG.runSuitesLocally(TestNG.java:1218)
	at org.testng.TestNG.runSuites(TestNG.java:1133)
	at org.testng.TestNG.run(TestNG.java:1104)
	at org.testng.remote.AbstractRemoteTestNG.run(AbstractRemoteTestNG.java:132)
	at org.testng.remote.RemoteTestNG.initAndRun(RemoteTestNG.java:236)
	at org.testng.remote.RemoteTestNG.main(RemoteTestNG.java:81)
]]>
    </error>
  </testcase> <!-- AddNewRuleBtn -->
  <testcase name="LogoutPage" time="0.000" classname="com.SAFUI.Testscripts.AddNewRuleTestScript">
    <error type="org.openqa.selenium.TimeoutException" message="Expected condition failed: waiting for element to be clickable: By.xpath: .//*[@id=&#039;navbar&#039;]/ul[1]/li/ul/li[3]/a (tried for 1000 second(s) with 500 MILLISECONDS interval)
Build info: version: &#039;3.1.0&#039;, revision: &#039;b94c902&#039;, time: &#039;2017-02-16 12:21:31 -0800&#039;
System info: host: &#039;BHUSHAYA&#039;, ip: &#039;10.71.71.93&#039;, os.name: &#039;Windows 7&#039;, os.arch: &#039;amd64&#039;, os.version: &#039;6.1&#039;, java.version: &#039;1.8.0_121&#039;
Driver info: org.openqa.selenium.firefox.FirefoxDriver
Capabilities [{rotatable=false, raisesAccessibilityExceptions=false, marionette=true, appBuildId=20170125094131, version=, platform=XP, proxy={}, command_id=1, specificationLevel=0, acceptSslCerts=false, processId=8368, browserVersion=51.0.1, platformVersion=6.1, XULappId={ec8030f7-c20a-464f-9b0e-13a3a9e97384}, browserName=firefox, takesScreenshot=true, takesElementScreenshot=true, platformName=windows_nt, firefox_profile=UEsDBBQACAgIAGyTkkoAAAAAAAAAA...}]
Session ID: 17087064-1e75-49f6-836e-c32860873483">
      <![CDATA[org.openqa.selenium.TimeoutException: Expected condition failed: waiting for element to be clickable: By.xpath: .//*[@id='navbar']/ul[1]/li/ul/li[3]/a (tried for 1000 second(s) with 500 MILLISECONDS interval)
Build info: version: '3.1.0', revision: 'b94c902', time: '2017-02-16 12:21:31 -0800'
System info: host: 'BHUSHAYA', ip: '10.71.71.93', os.name: 'Windows 7', os.arch: 'amd64', os.version: '6.1', java.version: '1.8.0_121'
Driver info: org.openqa.selenium.firefox.FirefoxDriver
Capabilities [{rotatable=false, raisesAccessibilityExceptions=false, marionette=true, appBuildId=20170125094131, version=, platform=XP, proxy={}, command_id=1, specificationLevel=0, acceptSslCerts=false, processId=8368, browserVersion=51.0.1, platformVersion=6.1, XULappId={ec8030f7-c20a-464f-9b0e-13a3a9e97384}, browserName=firefox, takesScreenshot=true, takesElementScreenshot=true, platformName=windows_nt, firefox_profile=UEsDBBQACAgIAGyTkkoAAAAAAAAAA...}]
Session ID: 17087064-1e75-49f6-836e-c32860873483
	at org.openqa.selenium.support.ui.WebDriverWait.timeoutException(WebDriverWait.java:80)
	at org.openqa.selenium.support.ui.FluentWait.until(FluentWait.java:257)
	at com.SAFUI.Utils.BasePage.waitElementToBeClickableCondition(BasePage.java:149)
	at com.SAFUI.Pages.LoginPage.logoutBtn(LoginPage.java:66)
	at com.SAFUI.Testscripts.AddNewRuleTestScript.LogoutPage(AddNewRuleTestScript.java:59)
	at sun.reflect.NativeMethodAccessorImpl.invoke0(Native Method)
	at sun.reflect.NativeMethodAccessorImpl.invoke(Unknown Source)
	at sun.reflect.DelegatingMethodAccessorImpl.invoke(Unknown Source)
	at java.lang.reflect.Method.invoke(Unknown Source)
	at org.testng.internal.MethodInvocationHelper.invokeMethod(MethodInvocationHelper.java:104)
	at org.testng.internal.Invoker.invokeConfigurationMethod(Invoker.java:515)
	at org.testng.internal.Invoker.invokeConfigurations(Invoker.java:217)
	at org.testng.internal.Invoker.invokeMethod(Invoker.java:712)
	at org.testng.internal.Invoker.invokeTestMethod(Invoker.java:851)
	at org.testng.internal.Invoker.invokeTestMethods(Invoker.java:1177)
	at org.testng.internal.TestMethodWorker.invokeTestMethods(TestMethodWorker.java:129)
	at org.testng.internal.TestMethodWorker.run(TestMethodWorker.java:112)
	at org.testng.TestRunner.privateRun(TestRunner.java:756)
	at org.testng.TestRunner.run(TestRunner.java:610)
	at org.testng.SuiteRunner.runTest(SuiteRunner.java:387)
	at org.testng.SuiteRunner.runSequentially(SuiteRunner.java:382)
	at org.testng.SuiteRunner.privateRun(SuiteRunner.java:340)
	at org.testng.SuiteRunner.run(SuiteRunner.java:289)
	at org.testng.SuiteRunnerWorker.runSuite(SuiteRunnerWorker.java:52)
	at org.testng.SuiteRunnerWorker.run(SuiteRunnerWorker.java:86)
	at org.testng.TestNG.runSuitesSequentially(TestNG.java:1293)
	at org.testng.TestNG.runSuitesLocally(TestNG.java:1218)
	at org.testng.TestNG.runSuites(TestNG.java:1133)
	at org.testng.TestNG.run(TestNG.java:1104)
	at org.testng.remote.AbstractRemoteTestNG.run(AbstractRemoteTestNG.java:132)
	at org.testng.remote.RemoteTestNG.initAndRun(RemoteTestNG.java:236)
	at org.testng.remote.RemoteTestNG.main(RemoteTestNG.java:81)
]]>
    </error>
  </testcase> <!-- LogoutPage -->
  <testcase name="AddNewRuleBtn" time="0.004" classname="com.SAFUI.Testscripts.AddNewRuleTestScript">
    <skipped/>
  </testcase> <!-- AddNewRuleBtn -->
  <testcase name="AddNewRuleBtn" time="0.004" classname="com.SAFUI.Testscripts.AddNewRuleTestScript">
    <skipped/>
  </testcase> <!-- AddNewRuleBtn -->
</testsuite> <!-- com.SAFUI.Testscripts.AddNewRuleTestScript -->
