<?xml version="1.0" encoding="UTF-8"?>
<!-- Generated by org.testng.reporters.JUnitReportReporter -->
<testsuite name="com.SAFUI.Testscripts.LoginTestScript" tests="7" time="140.191" ignored="0" failures="0" timestamp="17 Mar 2017 13:11:19 GMT" skipped="0" hostname="Bhushaya" errors="0">
  <testcase name="LoginPage" time="9.778" classname="com.SAFUI.Testscripts.LoginTestScript"/>
  <testcase name="LoginPage" time="48.215" classname="com.SAFUI.Testscripts.LoginTestScript"/>
  <testcase name="LoginPage" time="15.227" classname="com.SAFUI.Testscripts.LoginTestScript"/>
  <testcase name="LoginPage" time="43.866" classname="com.SAFUI.Testscripts.LoginTestScript"/>
  <testcase name="LoginPage" time="8.647" classname="com.SAFUI.Testscripts.LoginTestScript"/>
  <testcase name="LoginPage" time="6.211" classname="com.SAFUI.Testscripts.LoginTestScript"/>
  <testcase name="LoginPage" time="8.247" classname="com.SAFUI.Testscripts.LoginTestScript"/>
</testsuite> <!-- com.SAFUI.Testscripts.LoginTestScript -->
