<?xml version="1.0" encoding="UTF-8"?>
<!-- Generated by org.testng.reporters.JUnitReportReporter -->
<testsuite name="com.SAFUI.Testscripts.DeleteRuleTestScript" tests="1" time="0.004" ignored="0" failures="0" timestamp="07 Mar 2017 09:46:21 GMT" skipped="0" hostname="Bhushaya" errors="0">
  <testcase name="deleterule" time="0.004" classname="com.SAFUI.Testscripts.DeleteRuleTestScript"/>
</testsuite> <!-- com.SAFUI.Testscripts.DeleteRuleTestScript -->
